<?xml version="1.0" encoding="UTF-8"?>
<!-- Generated by org.testng.reporters.JUnitReportReporter -->
<testsuite hostname="DESKTOP-4MKGTCT" failures="0" tests="4" name="com.hrm.TestCases.TC_homePageVerify_003" time="4.831" errors="0" timestamp="2022-12-14T11:38:45 IST" skipped="0">
  <testcase classname="com.hrm.TestCases.TC_homePageVerify_003" name="login" time="1.687"/>
  <system-out/>
  <testcase classname="com.hrm.TestCases.TC_homePageVerify_003" name="testAbout" time="2.671"/>
  <system-out/>
  <testcase classname="com.hrm.TestCases.TC_homePageVerify_003" name="testDetails" time="0.430"/>
  <system-out/>
  <testcase classname="com.hrm.TestCases.TC_homePageVerify_003" name="testEmployees" time="0.043"/>
  <system-out>
    <![CDATA[Employees are: 39]]>
  </system-out>
</testsuite> <!-- com.hrm.TestCases.TC_homePageVerify_003 -->
