<?xml version="1.0" encoding="UTF-8"?>
<!-- Generated by org.testng.reporters.JUnitReportReporter -->
<testsuite hostname="DESKTOP-4MKGTCT" failures="0" tests="3" name="com.hrm.TestCases.TC_DasboardWidgetsTest_002" time="5.408" errors="0" timestamp="2022-12-06T13:51:34 IST" skipped="0">
  <testcase classname="com.hrm.TestCases.TC_DasboardWidgetsTest_002" name="widgetsdisplay" time="0.577"/>
  <system-out/>
  <testcase classname="com.hrm.TestCases.TC_DasboardWidgetsTest_002" name="veriytitleofWidgets" time="2.633"/>
  <system-out/>
  <testcase classname="com.hrm.TestCases.TC_DasboardWidgetsTest_002" name="loggedin" time="2.198"/>
  <system-out/>
</testsuite> <!-- com.hrm.TestCases.TC_DasboardWidgetsTest_002 -->
