<?xml version="1.0" encoding="UTF-8"?>
<!-- Generated by org.testng.reporters.JUnitReportReporter -->
<testsuite hostname="DESKTOP-4MKGTCT" failures="0" tests="2" name="com.hrm.TestCases.TC_listWidgetsTest_002" time="6.111" errors="0" timestamp="2022-12-14T09:49:25 IST" skipped="0">
  <testcase classname="com.hrm.TestCases.TC_listWidgetsTest_002" name="login" time="5.236"/>
  <system-out/>
  <testcase classname="com.hrm.TestCases.TC_listWidgetsTest_002" name="test" time="0.875"/>
  <system-out/>
</testsuite> <!-- com.hrm.TestCases.TC_listWidgetsTest_002 -->
